0 info it worked if it ends with ok
1 verbose cli [ '/usr/bin/nodejs',
1 verbose cli   '/usr/lib/node_modules/npm/bin/npm-cli.js',
1 verbose cli   'run-script',
1 verbose cli   'coverage' ]
2 info using npm@3.10.3
3 info using node@v6.5.0
4 verbose run-script [ 'precoverage', 'coverage', 'postcoverage' ]
5 info lifecycle nomatic-events@0.0.0~precoverage: nomatic-events@0.0.0
6 silly lifecycle nomatic-events@0.0.0~precoverage: no script for precoverage, continuing
7 info lifecycle nomatic-events@0.0.0~coverage: nomatic-events@0.0.0
8 verbose lifecycle nomatic-events@0.0.0~coverage: unsafe-perm in lifecycle true
9 verbose lifecycle nomatic-events@0.0.0~coverage: PATH: /usr/lib/node_modules/npm/bin/node-gyp-bin:/home/bdfoster/Projects/nomatic-events/node_modules/.bin:/usr/bin:/home/bdfoster/bin:/home/bdfoster/.local/bin:/usr/local/sbin:/usr/local/bin:/usr/sbin:/usr/bin:/sbin:/bin:/usr/games:/usr/local/games:/snap/bin
10 verbose lifecycle nomatic-events@0.0.0~coverage: CWD: /home/bdfoster/Projects/nomatic-events
11 silly lifecycle nomatic-events@0.0.0~coverage: Args: [ '-c',
11 silly lifecycle   'istanbul cover --dir ./docs/coverage _mocha --recursive tests/**/*' ]
12 silly lifecycle nomatic-events@0.0.0~coverage: Returned: code: 1  signal: null
13 info lifecycle nomatic-events@0.0.0~coverage: Failed to exec coverage script
14 verbose stack Error: nomatic-events@0.0.0 coverage: `istanbul cover --dir ./docs/coverage _mocha --recursive tests/**/*`
14 verbose stack Exit status 1
14 verbose stack     at EventEmitter.<anonymous> (/usr/lib/node_modules/npm/lib/utils/lifecycle.js:242:16)
14 verbose stack     at emitTwo (events.js:106:13)
14 verbose stack     at EventEmitter.emit (events.js:191:7)
14 verbose stack     at ChildProcess.<anonymous> (/usr/lib/node_modules/npm/lib/utils/spawn.js:40:14)
14 verbose stack     at emitTwo (events.js:106:13)
14 verbose stack     at ChildProcess.emit (events.js:191:7)
14 verbose stack     at maybeClose (internal/child_process.js:877:16)
14 verbose stack     at Process.ChildProcess._handle.onexit (internal/child_process.js:226:5)
15 verbose pkgid nomatic-events@0.0.0
16 verbose cwd /home/bdfoster/Projects/nomatic-events
17 error Linux 4.4.0-36-generic
18 error argv "/usr/bin/nodejs" "/usr/lib/node_modules/npm/bin/npm-cli.js" "run-script" "coverage"
19 error node v6.5.0
20 error npm  v3.10.3
21 error code ELIFECYCLE
22 error nomatic-events@0.0.0 coverage: `istanbul cover --dir ./docs/coverage _mocha --recursive tests/**/*`
22 error Exit status 1
23 error Failed at the nomatic-events@0.0.0 coverage script 'istanbul cover --dir ./docs/coverage _mocha --recursive tests/**/*'.
23 error Make sure you have the latest version of node.js and npm installed.
23 error If you do, this is most likely a problem with the nomatic-events package,
23 error not with npm itself.
23 error Tell the author that this fails on your system:
23 error     istanbul cover --dir ./docs/coverage _mocha --recursive tests/**/*
23 error You can get information on how to open an issue for this project with:
23 error     npm bugs nomatic-events
23 error Or if that isn't available, you can get their info via:
23 error     npm owner ls nomatic-events
23 error There is likely additional logging output above.
24 verbose exit [ 1, true ]
